android/app/build/intermediates/manifest_merge_blame_file/debug/manifest-merger-blame-debug-report.txt
1<?xml version="1.0" encoding="utf-8"?>
2<manifest xmlns:android="http://schemas.android.com/apk/res/android"
3    package="com.agentguard"
4    android:versionCode="2"
5    android:versionName="1.1" >
6
7    <uses-sdk
8        android:minSdkVersion="26"
9        android:targetSdkVersion="34" />
10
11    <uses-permission android:name="android.permission.INTERNET" />
11-->src\main\AndroidManifest.xml:3:5-67
11-->src\main\AndroidManifest.xml:3:22-64
12    <uses-permission android:name="android.permission.USE_BIOMETRIC" />
12-->src\main\AndroidManifest.xml:4:5-72
12-->src\main\AndroidManifest.xml:4:22-69
13    <uses-permission android:name="android.permission.POST_NOTIFICATIONS" />
13-->src\main\AndroidManifest.xml:5:5-77
13-->src\main\AndroidManifest.xml:5:22-74
14    <!-- suppress DeprecatedClassUsageInspection -->
15    <uses-permission android:name="android.permission.USE_FINGERPRINT" />
15-->[androidx.biometric:biometric:1.2.0-alpha05] AndroidManifest.xml:25:5-74
15-->[androidx.biometric:biometric:1.2.0-alpha05] AndroidManifest.xml:25:22-71
16
17    <permission
17-->[androidx.core:core:1.12.0] AndroidManifest.xml:22:5-24:47
18        android:name="com.agentguard.DYNAMIC_RECEIVER_NOT_EXPORTED_PERMISSION"
18-->[androidx.core:core:1.12.0] AndroidManifest.xml:23:9-81
19        android:protectionLevel="signature" />
19-->[androidx.core:core:1.12.0] AndroidManifest.xml:24:9-44
20
21    <uses-permission android:name="com.agentguard.DYNAMIC_RECEIVER_NOT_EXPORTED_PERMISSION" />
21-->[androidx.core:core:1.12.0] AndroidManifest.xml:26:5-97
21-->[androidx.core:core:1.12.0] AndroidManifest.xml:26:22-94
22
23    <application
23-->src\main\AndroidManifest.xml:7:5-22:19
24        android:allowBackup="true"
24-->src\main\AndroidManifest.xml:8:9-35
25        android:appComponentFactory="androidx.core.app.CoreComponentFactory"
25-->[androidx.core:core:1.12.0] AndroidManifest.xml:28:18-86
26        android:debuggable="true"
27        android:extractNativeLibs="false"
28        android:label="@string/app_name"
28-->src\main\AndroidManifest.xml:10:9-41
29        android:supportsRtl="true"
29-->src\main\AndroidManifest.xml:11:9-35
30        android:theme="@style/Theme.AgentGuard"
30-->src\main\AndroidManifest.xml:12:9-48
31        android:usesCleartextTraffic="false" >
31-->src\main\AndroidManifest.xml:9:9-45
32        <activity
32-->src\main\AndroidManifest.xml:13:9-21:20
33            android:name="com.agentguard.MainActivity"
33-->src\main\AndroidManifest.xml:14:13-41
34            android:exported="true"
34-->src\main\AndroidManifest.xml:15:13-36
35            android:theme="@style/Theme.AgentGuard" >
35-->src\main\AndroidManifest.xml:16:13-52
36            <intent-filter>
36-->src\main\AndroidManifest.xml:17:13-20:29
37                <action android:name="android.intent.action.MAIN" />
37-->src\main\AndroidManifest.xml:18:17-69
37-->src\main\AndroidManifest.xml:18:25-66
38
39                <category android:name="android.intent.category.LAUNCHER" />
39-->src\main\AndroidManifest.xml:19:17-77
39-->src\main\AndroidManifest.xml:19:27-74
40            </intent-filter>
41        </activity>
42
43        <service
43-->[androidx.room:room-runtime:2.6.0] AndroidManifest.xml:24:9-28:63
44            android:name="androidx.room.MultiInstanceInvalidationService"
44-->[androidx.room:room-runtime:2.6.0] AndroidManifest.xml:25:13-74
45            android:directBootAware="true"
45-->[androidx.room:room-runtime:2.6.0] AndroidManifest.xml:26:13-43
46            android:exported="false" />
46-->[androidx.room:room-runtime:2.6.0] AndroidManifest.xml:27:13-37
47
48        <provider
48-->[androidx.emoji2:emoji2:1.3.0] AndroidManifest.xml:24:9-32:20
49            android:name="androidx.startup.InitializationProvider"
49-->[androidx.emoji2:emoji2:1.3.0] AndroidManifest.xml:25:13-67
50            android:authorities="com.agentguard.androidx-startup"
50-->[androidx.emoji2:emoji2:1.3.0] AndroidManifest.xml:26:13-68
51            android:exported="false" >
51-->[androidx.emoji2:emoji2:1.3.0] AndroidManifest.xml:27:13-37
52            <meta-data
52-->[androidx.emoji2:emoji2:1.3.0] AndroidManifest.xml:29:13-31:52
53                android:name="androidx.emoji2.text.EmojiCompatInitializer"
53-->[androidx.emoji2:emoji2:1.3.0] AndroidManifest.xml:30:17-75
54                android:value="androidx.startup" />
54-->[androidx.emoji2:emoji2:1.3.0] AndroidManifest.xml:31:17-49
55            <meta-data
55-->[androidx.lifecycle:lifecycle-process:2.6.2] AndroidManifest.xml:29:13-31:52
56                android:name="androidx.lifecycle.ProcessLifecycleInitializer"
56-->[androidx.lifecycle:lifecycle-process:2.6.2] AndroidManifest.xml:30:17-78
57                android:value="androidx.startup" />
57-->[androidx.lifecycle:lifecycle-process:2.6.2] AndroidManifest.xml:31:17-49
58            <meta-data
58-->[androidx.profileinstaller:profileinstaller:1.3.0] AndroidManifest.xml:29:13-31:52
59                android:name="androidx.profileinstaller.ProfileInstallerInitializer"
59-->[androidx.profileinstaller:profileinstaller:1.3.0] AndroidManifest.xml:30:17-85
60                android:value="androidx.startup" />
60-->[androidx.profileinstaller:profileinstaller:1.3.0] AndroidManifest.xml:31:17-49
61        </provider>
62
63        <receiver
63-->[androidx.profileinstaller:profileinstaller:1.3.0] AndroidManifest.xml:34:9-52:20
64            android:name="androidx.profileinstaller.ProfileInstallReceiver"
64-->[androidx.profileinstaller:profileinstaller:1.3.0] AndroidManifest.xml:35:13-76
65            android:directBootAware="false"
65-->[androidx.profileinstaller:profileinstaller:1.3.0] AndroidManifest.xml:36:13-44
66            android:enabled="true"
66-->[androidx.profileinstaller:profileinstaller:1.3.0] AndroidManifest.xml:37:13-35
67            android:exported="true"
67-->[androidx.profileinstaller:profileinstaller:1.3.0] AndroidManifest.xml:38:13-36
68            android:permission="android.permission.DUMP" >
68-->[androidx.profileinstaller:profileinstaller:1.3.0] AndroidManifest.xml:39:13-57
69            <intent-filter>
69-->[androidx.profileinstaller:profileinstaller:1.3.0] AndroidManifest.xml:40:13-42:29
70                <action android:name="androidx.profileinstaller.action.INSTALL_PROFILE" />
70-->[androidx.profileinstaller:profileinstaller:1.3.0] AndroidManifest.xml:41:17-91
70-->[androidx.profileinstaller:profileinstaller:1.3.0] AndroidManifest.xml:41:25-88
71            </intent-filter>
72            <intent-filter>
72-->[androidx.profileinstaller:profileinstaller:1.3.0] AndroidManifest.xml:43:13-45:29
73                <action android:name="androidx.profileinstaller.action.SKIP_FILE" />
73-->[androidx.profileinstaller:profileinstaller:1.3.0] AndroidManifest.xml:44:17-85
73-->[androidx.profileinstaller:profileinstaller:1.3.0] AndroidManifest.xml:44:25-82
74            </intent-filter>
75            <intent-filter>
75-->[androidx.profileinstaller:profileinstaller:1.3.0] AndroidManifest.xml:46:13-48:29
76                <action android:name="androidx.profileinstaller.action.SAVE_PROFILE" />
76-->[androidx.profileinstaller:profileinstaller:1.3.0] AndroidManifest.xml:47:17-88
76-->[androidx.profileinstaller:profileinstaller:1.3.0] AndroidManifest.xml:47:25-85
77            </intent-filter>
78            <intent-filter>
78-->[androidx.profileinstaller:profileinstaller:1.3.0] AndroidManifest.xml:49:13-51:29
79                <action android:name="androidx.profileinstaller.action.BENCHMARK_OPERATION" />
79-->[androidx.profileinstaller:profileinstaller:1.3.0] AndroidManifest.xml:50:17-95
79-->[androidx.profileinstaller:profileinstaller:1.3.0] AndroidManifest.xml:50:25-92
80            </intent-filter>
81        </receiver>
82    </application>
83
84</manifest>